<?xml version="1.0" encoding="UTF-8"?>
<!-- Generated by org.testng.reporters.JUnitXMLReporter -->
<testsuite ignored="0" hostname="DESKTOP-DHHTJIT" failures="0" tests="1" name="Test" time="6.568" errors="0" timestamp="2022-05-22T19:40:30 IST">
  <testcase classname="Demo.UIRun" name="@AfterTest teardown" time="0.001">
    <failure type="java.lang.NullPointerException">
      <![CDATA[java.lang.NullPointerException
at Demo.UIRun.teardown(UIRun.java:39)
... Removed 24 stack frames]]>
    </failure>
  </testcase> <!-- @AfterTest teardown -->
  <testcase classname="Demo.UIRun" name="Test" time="0.007"/>
</testsuite> <!-- Test -->
