<?xml version="1.0" encoding="UTF-8"?>
<testng-results ignored="0" total="1" passed="1" failed="0" skipped="0">
  <reporter-output>
  </reporter-output>
  <suite started-at="2022-06-09T18:26:38 IST" name="Default suite" finished-at="2022-06-09T18:26:46 IST" duration-ms="8411">
    <groups>
    </groups>
    <test started-at="2022-06-09T18:26:38 IST" name="Default test" finished-at="2022-06-09T18:26:46 IST" duration-ms="8411">
      <class name="Demo.TakeScreenshotFull">
        <test-method is-config="true" signature="Setup()[pri:0, instance:Demo.TakeScreenshotFull@10d307f1]" started-at="2022-06-09T18:26:38 IST" name="Setup" finished-at="2022-06-09T18:26:43 IST" duration-ms="4815" status="PASS">
          <reporter-output>
          </reporter-output>
        </test-method> <!-- Setup -->
        <test-method signature="Test()[pri:0, instance:Demo.TakeScreenshotFull@10d307f1]" started-at="2022-06-09T18:26:43 IST" name="Test" finished-at="2022-06-09T18:26:46 IST" duration-ms="3541" status="PASS">
          <reporter-output>
          </reporter-output>
        </test-method> <!-- Test -->
        <test-method is-config="true" signature="teardown()[pri:0, instance:Demo.TakeScreenshotFull@10d307f1]" started-at="2022-06-09T18:26:46 IST" name="teardown" finished-at="2022-06-09T18:26:46 IST" duration-ms="0" status="PASS">
          <reporter-output>
          </reporter-output>
        </test-method> <!-- teardown -->
      </class> <!-- Demo.TakeScreenshotFull -->
    </test> <!-- Default test -->
  </suite> <!-- Default suite -->
</testng-results>
