<?xml version="1.0" encoding="UTF-8"?>
<testng-results ignored="0" total="1" passed="1" failed="0" skipped="0">
  <reporter-output>
  </reporter-output>
  <suite started-at="2021-08-31T17:16:58 IST" name="Default suite" finished-at="2021-08-31T17:17:50 IST" duration-ms="52065">
    <groups>
    </groups>
    <test started-at="2021-08-31T17:16:58 IST" name="Default test" finished-at="2021-08-31T17:17:50 IST" duration-ms="52065">
      <class name="Sportalook.SingleOrderbelow1499">
        <test-method is-config="true" signature="setup()[pri:0, instance:Sportalook.SingleOrderbelow1499@306e95ec]" started-at="2021-08-31T17:16:58 IST" name="setup" finished-at="2021-08-31T17:17:03 IST" duration-ms="4529" status="PASS">
          <reporter-output>
          </reporter-output>
        </test-method> <!-- setup -->
        <test-method signature="logintext()[pri:0, instance:Sportalook.SingleOrderbelow1499@306e95ec]" started-at="2021-08-31T17:17:03 IST" name="logintext" finished-at="2021-08-31T17:17:44 IST" duration-ms="41414" status="PASS">
          <reporter-output>
          </reporter-output>
        </test-method> <!-- logintext -->
        <test-method is-config="true" signature="tearDown()[pri:0, instance:Sportalook.SingleOrderbelow1499@306e95ec]" started-at="2021-08-31T17:17:44 IST" name="tearDown" finished-at="2021-08-31T17:17:50 IST" duration-ms="6007" status="PASS">
          <reporter-output>
          </reporter-output>
        </test-method> <!-- tearDown -->
      </class> <!-- Sportalook.SingleOrderbelow1499 -->
    </test> <!-- Default test -->
  </suite> <!-- Default suite -->
</testng-results>
