<?xml version="1.0" encoding="UTF-8"?>
<!-- Generated by org.testng.reporters.JUnitXMLReporter -->
<testsuite ignored="0" hostname="DESKTOP-DHHTJIT" failures="0" tests="2" name="Test1" time="10.032" errors="0" timestamp="2022-05-22T20:01:19 IST">
  <testcase classname="Demo.UIRun" name="@AfterTest teardown" time="0.002">
    <failure type="java.lang.NullPointerException">
      <![CDATA[java.lang.NullPointerException
at Demo.UIRun.teardown(UIRun.java:39)
... Removed 24 stack frames]]>
    </failure>
  </testcase> <!-- @AfterTest teardown -->
  <testcase classname="Demo.UIRun1" name="@AfterTest teardown" time="-1.653229879303E9">
    <skipped/>
  </testcase> <!-- @AfterTest teardown -->
  <testcase classname="Demo.UIRun1" name="Test" time="0.021"/>
  <testcase classname="Demo.UIRun" name="Test" time="0.024"/>
</testsuite> <!-- Test1 -->
