<?xml version="1.0" encoding="UTF-8"?>
<!-- Generated by org.testng.reporters.JUnitXMLReporter -->
<testsuite ignored="0" hostname="DESKTOP-DHHTJIT" failures="1" tests="1" name="Test" time="11.869" errors="0" timestamp="2022-06-26T18:31:28 IST">
  <testcase classname="TestCases.NavigatingStaffLogin" name="Lauch" time="6.102">
    <failure type="junit.framework.ComparisonFailure" message="Dashboard expected:&amp;lt;[Dashboard]&amp;gt; but was:&amp;lt;[Test case is pass]&amp;gt;">
      <![CDATA[junit.framework.ComparisonFailure: Dashboard expected:<[Dashboard]> but was:<[Test case is pass]>
at junit.framework.Assert.assertEquals(Assert.java:100)
at TestCases.NavigatingStaffLogin.Lauch(NavigatingStaffLogin.java:26)
at java.base/java.util.ArrayList.forEach(ArrayList.java:1541)
... Removed 27 stack frames]]>
    </failure>
  </testcase> <!-- Lauch -->
</testsuite> <!-- Test -->
