<?xml version="1.0" encoding="UTF-8"?>
<testng-results ignored="0" total="1" passed="1" failed="0" skipped="0">
  <reporter-output>
  </reporter-output>
  <suite started-at="2021-12-27T22:36:51 IST" name="Default suite" finished-at="2021-12-27T22:37:19 IST" duration-ms="28127">
    <groups>
    </groups>
    <test started-at="2021-12-27T22:36:51 IST" name="Default test" finished-at="2021-12-27T22:37:19 IST" duration-ms="28127">
      <class name="TestCase.SellerOrderFulfilment">
        <test-method is-config="true" signature="Setup()[pri:0, instance:TestCase.SellerOrderFulfilment@4a7f959b]" started-at="2021-12-27T22:36:51 IST" name="Setup" finished-at="2021-12-27T22:36:57 IST" duration-ms="6273" status="PASS">
          <reporter-output>
          </reporter-output>
        </test-method> <!-- Setup -->
        <test-method signature="TC_001()[pri:0, instance:TestCase.SellerOrderFulfilment@4a7f959b]" started-at="2021-12-27T22:36:57 IST" name="TC_001" finished-at="2021-12-27T22:37:19 IST" duration-ms="21754" status="PASS">
          <reporter-output>
          </reporter-output>
        </test-method> <!-- TC_001 -->
        <test-method is-config="true" signature="Teardown1()[pri:0, instance:TestCase.SellerOrderFulfilment@4a7f959b]" started-at="2021-12-27T22:37:19 IST" name="Teardown1" finished-at="2021-12-27T22:37:19 IST" duration-ms="0" status="PASS">
          <reporter-output>
          </reporter-output>
        </test-method> <!-- Teardown1 -->
      </class> <!-- TestCase.SellerOrderFulfilment -->
    </test> <!-- Default test -->
  </suite> <!-- Default suite -->
</testng-results>
