<?xml version="1.0" encoding="UTF-8"?>
<testng-results ignored="0" total="1" passed="1" failed="0" skipped="0">
  <reporter-output>
  </reporter-output>
  <suite started-at="2022-05-28T08:15:28 IST" name="Default suite" finished-at="2022-05-28T08:15:53 IST" duration-ms="24483">
    <groups>
    </groups>
    <test started-at="2022-05-28T08:15:28 IST" name="Default test" finished-at="2022-05-28T08:15:53 IST" duration-ms="24483">
      <class name="TestCase.MemberLogin">
        <test-method is-config="true" signature="Setup()[pri:0, instance:TestCase.MemberLogin@4d5b6aac]" started-at="2022-05-28T08:15:28 IST" name="Setup" finished-at="2022-05-28T08:15:38 IST" duration-ms="9434" status="PASS">
          <reporter-output>
          </reporter-output>
        </test-method> <!-- Setup -->
        <test-method signature="Validlogin()[pri:0, instance:TestCase.MemberLogin@4d5b6aac]" started-at="2022-05-28T08:15:38 IST" name="Validlogin" finished-at="2022-05-28T08:15:53 IST" duration-ms="14968" status="PASS">
          <reporter-output>
          </reporter-output>
        </test-method> <!-- Validlogin -->
        <test-method is-config="true" signature="teardown()[pri:0, instance:TestCase.MemberLogin@4d5b6aac]" started-at="2022-05-28T08:15:53 IST" name="teardown" finished-at="2022-05-28T08:15:53 IST" duration-ms="0" status="PASS">
          <reporter-output>
          </reporter-output>
        </test-method> <!-- teardown -->
      </class> <!-- TestCase.MemberLogin -->
    </test> <!-- Default test -->
  </suite> <!-- Default suite -->
</testng-results>
