<?xml version="1.0" encoding="UTF-8"?>
<testng-results ignored="0" total="2" passed="2" failed="0" skipped="0">
  <reporter-output>
  </reporter-output>
  <suite started-at="2022-11-07T23:50:22 IST" name="Suite" finished-at="2022-11-07T23:51:00 IST" duration-ms="38007">
    <groups>
    </groups>
    <test started-at="2022-11-07T23:50:22 IST" name="Chrome" finished-at="2022-11-07T23:50:40 IST" duration-ms="17806">
      <class name="pageobject.BaseClass">
        <test-method is-config="true" signature="Setup(java.lang.String)[pri:0, instance:pageobject.BaseClass@41fbdac4]" started-at="2022-11-07T23:50:22 IST" name="Setup" finished-at="2022-11-07T23:50:39 IST" duration-ms="16531" status="PASS">
          <params>
            <param index="0">
              <value>
                <![CDATA[chrome]]>
              </value>
            </param>
          </params>
          <reporter-output>
          </reporter-output>
        </test-method> <!-- Setup -->
        <test-method signature="login()[pri:0, instance:pageobject.BaseClass@41fbdac4]" started-at="2022-11-07T23:50:39 IST" name="login" finished-at="2022-11-07T23:50:39 IST" duration-ms="6" status="PASS">
          <reporter-output>
          </reporter-output>
        </test-method> <!-- login -->
        <test-method is-config="true" signature="Teardown()[pri:0, instance:pageobject.BaseClass@41fbdac4]" started-at="2022-11-07T23:50:39 IST" name="Teardown" finished-at="2022-11-07T23:50:40 IST" duration-ms="1235" status="PASS">
          <reporter-output>
          </reporter-output>
        </test-method> <!-- Teardown -->
      </class> <!-- pageobject.BaseClass -->
    </test> <!-- Chrome -->
    <test started-at="2022-11-07T23:50:40 IST" name="Edge" finished-at="2022-11-07T23:51:00 IST" duration-ms="20168">
      <class name="pageobject.BaseClass">
        <test-method is-config="true" signature="Setup(java.lang.String)[pri:0, instance:pageobject.BaseClass@1d9b7cce]" started-at="2022-11-07T23:50:40 IST" name="Setup" finished-at="2022-11-07T23:51:00 IST" duration-ms="19868" status="PASS">
          <params>
            <param index="0">
              <value>
                <![CDATA[Edge]]>
              </value>
            </param>
          </params>
          <reporter-output>
          </reporter-output>
        </test-method> <!-- Setup -->
        <test-method signature="login()[pri:0, instance:pageobject.BaseClass@1d9b7cce]" started-at="2022-11-07T23:51:00 IST" name="login" finished-at="2022-11-07T23:51:00 IST" duration-ms="2" status="PASS">
          <reporter-output>
          </reporter-output>
        </test-method> <!-- login -->
        <test-method is-config="true" signature="Teardown()[pri:0, instance:pageobject.BaseClass@1d9b7cce]" started-at="2022-11-07T23:51:00 IST" name="Teardown" finished-at="2022-11-07T23:51:00 IST" duration-ms="296" status="PASS">
          <reporter-output>
          </reporter-output>
        </test-method> <!-- Teardown -->
      </class> <!-- pageobject.BaseClass -->
    </test> <!-- Edge -->
  </suite> <!-- Suite -->
</testng-results>
