<?xml version="1.0" encoding="UTF-8"?>
<testng-results ignored="0" total="1" passed="1" failed="0" skipped="0">
  <reporter-output>
  </reporter-output>
  <suite started-at="2022-06-26T18:34:06 IST" name="Default suite" finished-at="2022-06-26T18:34:30 IST" duration-ms="24505">
    <groups>
    </groups>
    <test started-at="2022-06-26T18:34:06 IST" name="Default test" finished-at="2022-06-26T18:34:30 IST" duration-ms="24505">
      <class name="TestCases.NavigatingStaffLogin">
        <test-method is-config="true" signature="Setup()[pri:0, instance:TestCases.NavigatingStaffLogin@4d5b6aac]" started-at="2022-06-26T18:34:06 IST" name="Setup" finished-at="2022-06-26T18:34:11 IST" duration-ms="5478" status="PASS">
          <reporter-output>
          </reporter-output>
        </test-method> <!-- Setup -->
        <test-method signature="Lauch()[pri:0, instance:TestCases.NavigatingStaffLogin@4d5b6aac]" started-at="2022-06-26T18:34:11 IST" name="Lauch" finished-at="2022-06-26T18:34:30 IST" duration-ms="18957" status="PASS">
          <reporter-output>
          </reporter-output>
        </test-method> <!-- Lauch -->
        <test-method is-config="true" signature="Teardown()[pri:0, instance:TestCases.NavigatingStaffLogin@4d5b6aac]" started-at="2022-06-26T18:34:30 IST" name="Teardown" finished-at="2022-06-26T18:34:30 IST" duration-ms="0" status="PASS">
          <reporter-output>
          </reporter-output>
        </test-method> <!-- Teardown -->
      </class> <!-- TestCases.NavigatingStaffLogin -->
    </test> <!-- Default test -->
  </suite> <!-- Default suite -->
</testng-results>
